#! /c/Source/iverilog-install/bin/vvp
:ivl_version "12.0 (devel)" "(s20150603-1539-g2693dd32b)";
:ivl_delay_selection "TYPICAL";
:vpi_time_precision - 12;
:vpi_module "D:\iverilog\lib\ivl\system.vpi";
:vpi_module "D:\iverilog\lib\ivl\vhdl_sys.vpi";
:vpi_module "D:\iverilog\lib\ivl\vhdl_textio.vpi";
:vpi_module "D:\iverilog\lib\ivl\v2005_math.vpi";
:vpi_module "D:\iverilog\lib\ivl\va_math.vpi";
:vpi_module "D:\iverilog\lib\ivl\v2009.vpi";
S_0000026c6530ae80 .scope package, "$unit" "$unit" 2 1;
 .timescale 0 0;
S_0000026c65314de0 .scope module, "equilibrium_maxxing_top_tb" "equilibrium_maxxing_top_tb" 3 3;
 .timescale -9 -12;
v0000026c6539c400_0 .var/s "alavanca1", 15 0;
v0000026c6539b460_0 .var/s "alavanca2", 15 0;
v0000026c6539c540_0 .net "calib_start", 0 0, v0000026c653404a0_0;  1 drivers
v0000026c6539baa0_0 .var "clock", 0 0;
v0000026c6539b3c0_0 .net "conta_nivel", 0 0, v0000026c65340540_0;  1 drivers
v0000026c6539c360_0 .net "fade_trigger", 0 0, v0000026c65340c20_0;  1 drivers
v0000026c6539cc20_0 .var "fake_gerar", 0 0;
v0000026c6539bc80_0 .net "gerar_nova_jogada", 0 0, v0000026c65340680_0;  1 drivers
v0000026c6539ccc0_0 .var/i "led_counter", 31 0;
v0000026c6539c220_0 .var "leds", 10 0;
v0000026c6539bfa0_0 .net "nivel_reg", 1 0, v0000026c65340ae0_0;  1 drivers
v0000026c6539c2c0_0 .var "ponto_evento", 0 0;
v0000026c6539b780_0 .var "prep_done", 0 0;
v0000026c6539c5e0_0 .var "prev_gen_play", 0 0;
v0000026c6539b500_0 .var "prev_leds", 10 0;
v0000026c6539be60_0 .var "prev_uc_state", 2 0;
v0000026c6539cf40_0 .var "reset", 0 0;
v0000026c6539cd60_0 .var "reset_lr", 0 0;
v0000026c6539c040_0 .net "reset_nivel", 0 0, v0000026c65340900_0;  1 drivers
v0000026c6539b960_0 .net "reset_nivel_locked", 0 0, v0000026c653400e0_0;  1 drivers
v0000026c6539b5a0_0 .net "reset_prep_cnt", 0 0, v0000026c65340180_0;  1 drivers
v0000026c6539c680_0 .var "sensorFimCurso", 0 0;
v0000026c6539cae0_0 .var "start_game", 0 0;
v0000026c6539b8c0_0 .var "start_game_lr", 0 0;
v0000026c6539b640_0 .net "trava_servo", 0 0, v0000026c6539cea0_0;  1 drivers
v0000026c6539c0e0_0 .net "uc_state", 2 0, L_0000026c653371e0;  1 drivers
S_0000026c65341d90 .scope begin, "$unm_blk_3" "$unm_blk_3" 3 87, 3 87 0, S_0000026c65314de0;
 .timescale -9 -12;
v0000026c65340cc0_0 .var "gen_play", 0 0;
S_0000026c6530a4b0 .scope module, "LR" "level_register" 3 61, 4 1 0, S_0000026c65314de0;
 .timescale -9 -12;
    .port_info 0 /INPUT 1 "clock";
    .port_info 1 /INPUT 1 "reset";
    .port_info 2 /INPUT 16 "alavanca1";
    .port_info 3 /INPUT 16 "alavanca2";
    .port_info 4 /INPUT 1 "start_game";
    .port_info 5 /OUTPUT 2 "nivel_reg";
v0000026c65340220_0 .net/s "alavanca1", 15 0, v0000026c6539c400_0;  1 drivers
v0000026c6533fdc0_0 .net/s "alavanca2", 15 0, v0000026c6539b460_0;  1 drivers
v0000026c65340860_0 .net "clock", 0 0, v0000026c6539baa0_0;  1 drivers
v0000026c653402c0_0 .var "nivel_locked", 0 0;
v0000026c65340ae0_0 .var "nivel_reg", 1 0;
v0000026c65340360_0 .net "reset", 0 0, v0000026c6539cd60_0;  1 drivers
v0000026c6533fe60_0 .net "start_game", 0 0, v0000026c6539b8c0_0;  1 drivers
E_0000026c65312c20 .event posedge, v0000026c65340360_0, v0000026c65340860_0;
S_0000026c653287b0 .scope module, "UC" "equilibrium_maxxing_uc" 3 42, 5 1 0, S_0000026c65314de0;
 .timescale -9 -12;
    .port_info 0 /INPUT 1 "clock";
    .port_info 1 /INPUT 1 "reset";
    .port_info 2 /INPUT 1 "start_game";
    .port_info 3 /INPUT 1 "ponto_evento";
    .port_info 4 /INPUT 1 "prep_done";
    .port_info 5 /INPUT 1 "sensorFimCurso";
    .port_info 6 /OUTPUT 1 "gerar_nova_jogada";
    .port_info 7 /OUTPUT 1 "conta_nivel";
    .port_info 8 /OUTPUT 1 "reset_nivel";
    .port_info 9 /OUTPUT 1 "fade_trigger";
    .port_info 10 /OUTPUT 1 "trava_servo";
    .port_info 11 /OUTPUT 1 "calib_start";
    .port_info 12 /OUTPUT 1 "reset_prep_cnt";
    .port_info 13 /OUTPUT 1 "reset_nivel_locked";
    .port_info 14 /OUTPUT 3 "db_estado";
P_0000026c65306940 .param/l "Calibra" 1 5 25, C4<000>;
P_0000026c65306978 .param/l "Joga" 1 5 29, C4<100>;
P_0000026c653069b0 .param/l "Prep" 1 5 27, C4<010>;
P_0000026c653069e8 .param/l "SelNivel" 1 5 26, C4<001>;
P_0000026c65306a20 .param/l "genNext" 1 5 28, C4<011>;
L_0000026c653371e0 .functor BUFZ 3, v0000026c65340400_0, C4<000>, C4<000>, C4<000>;
v0000026c65340400_0 .var "Eatual", 2 0;
v0000026c6533ff00_0 .var "Eprox", 2 0;
v0000026c653404a0_0 .var "calib_start", 0 0;
v0000026c653409a0_0 .net "clock", 0 0, v0000026c6539baa0_0;  alias, 1 drivers
v0000026c65340540_0 .var "conta_nivel", 0 0;
v0000026c653405e0_0 .net "db_estado", 2 0, L_0000026c653371e0;  alias, 1 drivers
v0000026c65340c20_0 .var "fade_trigger", 0 0;
v0000026c65340680_0 .var "gerar_nova_jogada", 0 0;
v0000026c6533ffa0_0 .net "ponto_evento", 0 0, v0000026c6539c2c0_0;  1 drivers
v0000026c65340040_0 .net "prep_done", 0 0, v0000026c6539b780_0;  1 drivers
v0000026c65340720_0 .var "prev_E", 2 0;
v0000026c653407c0_0 .net "reset", 0 0, v0000026c6539cf40_0;  1 drivers
v0000026c65340900_0 .var "reset_nivel", 0 0;
v0000026c653400e0_0 .var "reset_nivel_locked", 0 0;
v0000026c65340180_0 .var "reset_prep_cnt", 0 0;
v0000026c65340a40_0 .net "sensorFimCurso", 0 0, v0000026c6539c680_0;  1 drivers
v0000026c65340b80_0 .net "start_game", 0 0, v0000026c6539cae0_0;  1 drivers
v0000026c6539cea0_0 .var "trava_servo", 0 0;
E_0000026c65312c60 .event anyedge, v0000026c65340400_0, v0000026c65340720_0;
E_0000026c65312aa0/0 .event anyedge, v0000026c65340400_0, v0000026c65340a40_0, v0000026c65340b80_0, v0000026c65340040_0;
E_0000026c65312aa0/1 .event anyedge, v0000026c6533ffa0_0;
E_0000026c65312aa0 .event/or E_0000026c65312aa0/0, E_0000026c65312aa0/1;
E_0000026c65312da0 .event posedge, v0000026c653407c0_0, v0000026c65340860_0;
S_0000026c652e2ce0 .scope task, "select_level" "select_level" 3 109, 3 109 0, S_0000026c65314de0;
 .timescale -9 -12;
v0000026c6539c7c0_0 .var "lvl", 1 0;
v0000026c6539c4a0_0 .var/i "timeout", 31 0;
E_0000026c65312ae0 .event posedge, v0000026c65340860_0;
TD_equilibrium_maxxing_top_tb.select_level ;
    %load/vec4 v0000026c6539c7c0_0;
    %dup/vec4;
    %pushi/vec4 0, 0, 2;
    %cmp/u;
    %jmp/1 T_0.0, 6;
    %dup/vec4;
    %pushi/vec4 1, 0, 2;
    %cmp/u;
    %jmp/1 T_0.1, 6;
    %dup/vec4;
    %pushi/vec4 2, 0, 2;
    %cmp/u;
    %jmp/1 T_0.2, 6;
    %dup/vec4;
    %pushi/vec4 3, 0, 2;
    %cmp/u;
    %jmp/1 T_0.3, 6;
    %jmp T_0.4;
T_0.0 ;
    %pushi/vec4 32768, 0, 16;
    %store/vec4 v0000026c6539c400_0, 0, 16;
    %pushi/vec4 32768, 0, 16;
    %store/vec4 v0000026c6539b460_0, 0, 16;
    %jmp T_0.4;
T_0.1 ;
    %pushi/vec4 32768, 0, 16;
    %store/vec4 v0000026c6539c400_0, 0, 16;
    %pushi/vec4 0, 0, 16;
    %store/vec4 v0000026c6539b460_0, 0, 16;
    %jmp T_0.4;
T_0.2 ;
    %pushi/vec4 0, 0, 16;
    %store/vec4 v0000026c6539c400_0, 0, 16;
    %pushi/vec4 32768, 0, 16;
    %store/vec4 v0000026c6539b460_0, 0, 16;
    %jmp T_0.4;
T_0.3 ;
    %pushi/vec4 0, 0, 16;
    %store/vec4 v0000026c6539c400_0, 0, 16;
    %pushi/vec4 0, 0, 16;
    %store/vec4 v0000026c6539b460_0, 0, 16;
    %jmp T_0.4;
T_0.4 ;
    %pop/vec4 1;
    %pushi/vec4 1, 0, 1;
    %store/vec4 v0000026c6539cd60_0, 0, 1;
    %wait E_0000026c65312ae0;
    %pushi/vec4 0, 0, 1;
    %store/vec4 v0000026c6539cd60_0, 0, 1;
    %pushi/vec4 0, 0, 32;
    %store/vec4 v0000026c6539c4a0_0, 0, 32;
T_0.5 ;
    %load/vec4 v0000026c6539c0e0_0;
    %cmpi/ne 1, 0, 3;
    %flag_get/vec4 4;
    %jmp/0 T_0.7, 4;
    %load/vec4 v0000026c6539c4a0_0;
    %cmpi/s 200, 0, 32;
    %flag_get/vec4 5;
    %and;
T_0.7;
    %flag_set/vec4 8;
    %jmp/0xz T_0.6, 8;
    %wait E_0000026c65312ae0;
    %load/vec4 v0000026c6539c4a0_0;
    %addi 1, 0, 32;
    %store/vec4 v0000026c6539c4a0_0, 0, 32;
    %jmp T_0.5;
T_0.6 ;
    %load/vec4 v0000026c6539c0e0_0;
    %cmpi/ne 1, 0, 3;
    %jmp/0xz  T_0.8, 4;
    %vpi_call/w 3 133 "$display", "%0t ns: Warning - UC did not enter SelNivel before selecting level (timeout)", $time {0 0 0};
T_0.8 ;
    %pushi/vec4 1, 0, 1;
    %store/vec4 v0000026c6539cae0_0, 0, 1;
    %pushi/vec4 1, 0, 1;
    %store/vec4 v0000026c6539b8c0_0, 0, 1;
    %wait E_0000026c65312ae0;
    %pushi/vec4 0, 0, 1;
    %store/vec4 v0000026c6539cae0_0, 0, 1;
    %pushi/vec4 0, 0, 1;
    %store/vec4 v0000026c6539b8c0_0, 0, 1;
    %wait E_0000026c65312ae0;
    %pushi/vec4 1, 0, 1;
    %store/vec4 v0000026c6539b780_0, 0, 1;
    %wait E_0000026c65312ae0;
    %pushi/vec4 0, 0, 1;
    %store/vec4 v0000026c6539b780_0, 0, 1;
    %pushi/vec4 1, 0, 1;
    %store/vec4 v0000026c6539cc20_0, 0, 1;
    %wait E_0000026c65312ae0;
    %pushi/vec4 0, 0, 1;
    %store/vec4 v0000026c6539cc20_0, 0, 1;
    %vpi_call/w 3 156 "$display", "%0t ns: Requested select level %0d -> nivel_reg = %0d", $time, v0000026c6539c7c0_0, v0000026c6539bfa0_0 {0 0 0};
    %end;
    .scope S_0000026c653287b0;
T_1 ;
    %wait E_0000026c65312da0;
    %load/vec4 v0000026c653407c0_0;
    %flag_set/vec4 8;
    %jmp/0xz  T_1.0, 8;
    %pushi/vec4 0, 0, 3;
    %assign/vec4 v0000026c65340400_0, 0;
    %jmp T_1.1;
T_1.0 ;
    %load/vec4 v0000026c6533ff00_0;
    %assign/vec4 v0000026c65340400_0, 0;
T_1.1 ;
    %jmp T_1;
    .thread T_1;
    .scope S_0000026c653287b0;
T_2 ;
    %wait E_0000026c65312da0;
    %load/vec4 v0000026c653407c0_0;
    %flag_set/vec4 8;
    %jmp/0xz  T_2.0, 8;
    %pushi/vec4 0, 0, 3;
    %assign/vec4 v0000026c65340720_0, 0;
    %jmp T_2.1;
T_2.0 ;
    %load/vec4 v0000026c65340400_0;
    %assign/vec4 v0000026c65340720_0, 0;
T_2.1 ;
    %jmp T_2;
    .thread T_2;
    .scope S_0000026c653287b0;
T_3 ;
    %wait E_0000026c65312aa0;
    %load/vec4 v0000026c65340400_0;
    %dup/vec4;
    %pushi/vec4 0, 0, 3;
    %cmp/u;
    %jmp/1 T_3.0, 6;
    %dup/vec4;
    %pushi/vec4 1, 0, 3;
    %cmp/u;
    %jmp/1 T_3.1, 6;
    %dup/vec4;
    %pushi/vec4 2, 0, 3;
    %cmp/u;
    %jmp/1 T_3.2, 6;
    %dup/vec4;
    %pushi/vec4 3, 0, 3;
    %cmp/u;
    %jmp/1 T_3.3, 6;
    %dup/vec4;
    %pushi/vec4 4, 0, 3;
    %cmp/u;
    %jmp/1 T_3.4, 6;
    %pushi/vec4 0, 0, 3;
    %store/vec4 v0000026c6533ff00_0, 0, 3;
    %jmp T_3.6;
T_3.0 ;
    %load/vec4 v0000026c65340a40_0;
    %flag_set/vec4 8;
    %jmp/0 T_3.7, 8;
    %pushi/vec4 1, 0, 3;
    %jmp/1 T_3.8, 8;
T_3.7 ; End of true expr.
    %pushi/vec4 0, 0, 3;
    %jmp/0 T_3.8, 8;
 ; End of false expr.
    %blend;
T_3.8;
    %store/vec4 v0000026c6533ff00_0, 0, 3;
    %jmp T_3.6;
T_3.1 ;
    %load/vec4 v0000026c65340b80_0;
    %flag_set/vec4 8;
    %jmp/0 T_3.9, 8;
    %pushi/vec4 2, 0, 3;
    %jmp/1 T_3.10, 8;
T_3.9 ; End of true expr.
    %pushi/vec4 1, 0, 3;
    %jmp/0 T_3.10, 8;
 ; End of false expr.
    %blend;
T_3.10;
    %store/vec4 v0000026c6533ff00_0, 0, 3;
    %jmp T_3.6;
T_3.2 ;
    %load/vec4 v0000026c65340040_0;
    %flag_set/vec4 8;
    %jmp/0 T_3.11, 8;
    %pushi/vec4 3, 0, 3;
    %jmp/1 T_3.12, 8;
T_3.11 ; End of true expr.
    %pushi/vec4 2, 0, 3;
    %jmp/0 T_3.12, 8;
 ; End of false expr.
    %blend;
T_3.12;
    %store/vec4 v0000026c6533ff00_0, 0, 3;
    %jmp T_3.6;
T_3.3 ;
    %pushi/vec4 4, 0, 3;
    %store/vec4 v0000026c6533ff00_0, 0, 3;
    %jmp T_3.6;
T_3.4 ;
    %load/vec4 v0000026c6533ffa0_0;
    %flag_set/vec4 8;
    %jmp/0 T_3.13, 8;
    %pushi/vec4 2, 0, 3;
    %jmp/1 T_3.14, 8;
T_3.13 ; End of true expr.
    %pushi/vec4 4, 0, 3;
    %jmp/0 T_3.14, 8;
 ; End of false expr.
    %blend;
T_3.14;
    %store/vec4 v0000026c6533ff00_0, 0, 3;
    %jmp T_3.6;
T_3.6 ;
    %pop/vec4 1;
    %jmp T_3;
    .thread T_3, $push;
    .scope S_0000026c653287b0;
T_4 ;
    %wait E_0000026c65312c60;
    %load/vec4 v0000026c65340400_0;
    %pushi/vec4 3, 0, 3;
    %cmp/e;
    %flag_get/vec4 4;
    %assign/vec4 v0000026c65340680_0, 0;
    %load/vec4 v0000026c65340400_0;
    %pushi/vec4 4, 0, 3;
    %cmp/e;
    %flag_get/vec4 4;
    %assign/vec4 v0000026c65340540_0, 0;
    %load/vec4 v0000026c65340400_0;
    %cmpi/e 0, 0, 3;
    %flag_get/vec4 4;
    %jmp/1 T_4.0, 4;
    %load/vec4 v0000026c65340400_0;
    %pushi/vec4 1, 0, 3;
    %cmp/e;
    %flag_get/vec4 4;
    %or;
T_4.0;
    %assign/vec4 v0000026c65340900_0, 0;
    %load/vec4 v0000026c65340400_0;
    %cmpi/e 4, 0, 3;
    %flag_get/vec4 4;
    %jmp/0 T_4.1, 4;
    %load/vec4 v0000026c65340720_0;
    %pushi/vec4 4, 0, 3;
    %cmp/ne;
    %flag_get/vec4 4;
    %and;
T_4.1;
    %assign/vec4 v0000026c65340c20_0, 0;
    %load/vec4 v0000026c65340400_0;
    %pushi/vec4 1, 0, 3;
    %cmp/e;
    %flag_get/vec4 4;
    %assign/vec4 v0000026c6539cea0_0, 0;
    %load/vec4 v0000026c65340400_0;
    %pushi/vec4 0, 0, 3;
    %cmp/e;
    %flag_get/vec4 4;
    %assign/vec4 v0000026c653404a0_0, 0;
    %load/vec4 v0000026c65340400_0;
    %pushi/vec4 5, 0, 3;
    %cmp/e;
    %flag_get/vec4 4;
    %assign/vec4 v0000026c65340180_0, 0;
    %load/vec4 v0000026c65340400_0;
    %pushi/vec4 1, 0, 3;
    %cmp/e;
    %flag_get/vec4 4;
    %assign/vec4 v0000026c653400e0_0, 0;
    %jmp T_4;
    .thread T_4, $push;
    .scope S_0000026c6530a4b0;
T_5 ;
    %wait E_0000026c65312c20;
    %load/vec4 v0000026c65340360_0;
    %flag_set/vec4 8;
    %jmp/0xz  T_5.0, 8;
    %pushi/vec4 0, 0, 1;
    %assign/vec4 v0000026c653402c0_0, 0;
    %pushi/vec4 0, 0, 2;
    %assign/vec4 v0000026c65340ae0_0, 0;
    %jmp T_5.1;
T_5.0 ;
    %load/vec4 v0000026c653402c0_0;
    %nor/r;
    %flag_set/vec4 9;
    %flag_get/vec4 9;
    %jmp/0 T_5.4, 9;
    %load/vec4 v0000026c6533fe60_0;
    %and;
T_5.4;
    %flag_set/vec4 8;
    %jmp/0xz  T_5.2, 8;
    %load/vec4 v0000026c65340220_0;
    %parti/s 1, 15, 5;
    %load/vec4 v0000026c6533fdc0_0;
    %parti/s 1, 15, 5;
    %concat/vec4; draw_concat_vec4
    %dup/vec4;
    %pushi/vec4 3, 0, 2;
    %cmp/u;
    %jmp/1 T_5.5, 6;
    %dup/vec4;
    %pushi/vec4 2, 0, 2;
    %cmp/u;
    %jmp/1 T_5.6, 6;
    %dup/vec4;
    %pushi/vec4 1, 0, 2;
    %cmp/u;
    %jmp/1 T_5.7, 6;
    %dup/vec4;
    %pushi/vec4 0, 0, 2;
    %cmp/u;
    %jmp/1 T_5.8, 6;
    %jmp T_5.9;
T_5.5 ;
    %pushi/vec4 0, 0, 2;
    %assign/vec4 v0000026c65340ae0_0, 0;
    %jmp T_5.9;
T_5.6 ;
    %pushi/vec4 1, 0, 2;
    %assign/vec4 v0000026c65340ae0_0, 0;
    %jmp T_5.9;
T_5.7 ;
    %pushi/vec4 2, 0, 2;
    %assign/vec4 v0000026c65340ae0_0, 0;
    %jmp T_5.9;
T_5.8 ;
    %pushi/vec4 3, 0, 2;
    %assign/vec4 v0000026c65340ae0_0, 0;
    %jmp T_5.9;
T_5.9 ;
    %pop/vec4 1;
    %pushi/vec4 1, 0, 1;
    %assign/vec4 v0000026c653402c0_0, 0;
T_5.2 ;
T_5.1 ;
    %jmp T_5;
    .thread T_5;
    .scope S_0000026c65314de0;
T_6 ;
    %pushi/vec4 0, 0, 1;
    %store/vec4 v0000026c6539baa0_0, 0, 1;
    %pushi/vec4 0, 0, 32;
    %store/vec4 v0000026c6539ccc0_0, 0, 32;
    %pushi/vec4 0, 0, 1;
    %store/vec4 v0000026c6539cc20_0, 0, 1;
    %pushi/vec4 0, 0, 1;
    %store/vec4 v0000026c6539c5e0_0, 0, 1;
    %pushi/vec4 7, 7, 3;
    %store/vec4 v0000026c6539be60_0, 0, 3;
    %end;
    .thread T_6, $init;
    .scope S_0000026c65314de0;
T_7 ;
    %delay 5000, 0;
    %load/vec4 v0000026c6539baa0_0;
    %inv;
    %store/vec4 v0000026c6539baa0_0, 0, 1;
    %jmp T_7;
    .thread T_7;
    .scope S_0000026c65314de0;
T_8 ;
    %wait E_0000026c65312ae0;
    %load/vec4 v0000026c6539c0e0_0;
    %load/vec4 v0000026c6539be60_0;
    %cmp/ne;
    %jmp/0xz  T_8.0, 6;
    %load/vec4 v0000026c6539c0e0_0;
    %dup/vec4;
    %pushi/vec4 0, 0, 3;
    %cmp/u;
    %jmp/1 T_8.2, 6;
    %dup/vec4;
    %pushi/vec4 1, 0, 3;
    %cmp/u;
    %jmp/1 T_8.3, 6;
    %dup/vec4;
    %pushi/vec4 2, 0, 3;
    %cmp/u;
    %jmp/1 T_8.4, 6;
    %dup/vec4;
    %pushi/vec4 3, 0, 3;
    %cmp/u;
    %jmp/1 T_8.5, 6;
    %dup/vec4;
    %pushi/vec4 4, 0, 3;
    %cmp/u;
    %jmp/1 T_8.6, 6;
    %vpi_call/w 3 80 "$display", "%0t ns: UC state -> UNKNOWN (%b)", $time, v0000026c6539c0e0_0 {0 0 0};
    %jmp T_8.8;
T_8.2 ;
    %vpi_call/w 3 75 "$display", "%0t ns: UC state -> Calibra (000)", $time {0 0 0};
    %jmp T_8.8;
T_8.3 ;
    %vpi_call/w 3 76 "$display", "%0t ns: UC state -> SelNivel (001)", $time {0 0 0};
    %jmp T_8.8;
T_8.4 ;
    %vpi_call/w 3 77 "$display", "%0t ns: UC state -> Prep (010)", $time {0 0 0};
    %jmp T_8.8;
T_8.5 ;
    %vpi_call/w 3 78 "$display", "%0t ns: UC state -> genNext (011)", $time {0 0 0};
    %jmp T_8.8;
T_8.6 ;
    %vpi_call/w 3 79 "$display", "%0t ns: UC state -> Joga (100)", $time {0 0 0};
    %jmp T_8.8;
T_8.8 ;
    %pop/vec4 1;
    %load/vec4 v0000026c6539c0e0_0;
    %assign/vec4 v0000026c6539be60_0, 0;
T_8.0 ;
    %jmp T_8;
    .thread T_8;
    .scope S_0000026c65314de0;
T_9 ;
    %wait E_0000026c65312ae0;
    %fork t_1, S_0000026c65341d90;
    %jmp t_0;
    .scope S_0000026c65341d90;
t_1 ;
    %load/vec4 v0000026c6539bc80_0;
    %load/vec4 v0000026c6539cc20_0;
    %or;
    %store/vec4 v0000026c65340cc0_0, 0, 1;
    %load/vec4 v0000026c65340cc0_0;
    %flag_set/vec4 9;
    %flag_get/vec4 9;
    %jmp/0 T_9.2, 9;
    %load/vec4 v0000026c6539c5e0_0;
    %nor/r;
    %and;
T_9.2;
    %flag_set/vec4 8;
    %jmp/0xz  T_9.0, 8;
    %pushi/vec4 0, 0, 11;
    %store/vec4 v0000026c6539c220_0, 0, 11;
    %pushi/vec4 1, 0, 1;
    %load/vec4 v0000026c6539ccc0_0;
    %pushi/vec4 11, 0, 32;
    %mod/s;
    %ix/vec4/s 4;
    %store/vec4 v0000026c6539c220_0, 4, 1;
    %load/vec4 v0000026c6539ccc0_0;
    %pushi/vec4 11, 0, 32;
    %mod/s;
    %vpi_call/w 3 94 "$display", "%0t ns: LED %0d lit (leds vector = %b)", $time, S<0,vec4,s32>, v0000026c6539c220_0 {1 0 0};
    %load/vec4 v0000026c6539ccc0_0;
    %addi 1, 0, 32;
    %store/vec4 v0000026c6539ccc0_0, 0, 32;
T_9.0 ;
    %load/vec4 v0000026c65340cc0_0;
    %assign/vec4 v0000026c6539c5e0_0, 0;
    %end;
    .scope S_0000026c65314de0;
t_0 %join;
    %jmp T_9;
    .thread T_9;
    .scope S_0000026c65314de0;
T_10 ;
    %wait E_0000026c65312ae0;
    %load/vec4 v0000026c6539c220_0;
    %load/vec4 v0000026c6539b500_0;
    %cmp/ne;
    %jmp/0xz  T_10.0, 6;
    %vpi_call/w 3 103 "$display", "%0t ns: leds changed: %b -> %b", $time, v0000026c6539b500_0, v0000026c6539c220_0 {0 0 0};
    %load/vec4 v0000026c6539c220_0;
    %assign/vec4 v0000026c6539b500_0, 0;
T_10.0 ;
    %jmp T_10;
    .thread T_10;
    .scope S_0000026c65314de0;
T_11 ;
    %pushi/vec4 1, 0, 1;
    %store/vec4 v0000026c6539cf40_0, 0, 1;
    %pushi/vec4 0, 0, 1;
    %store/vec4 v0000026c6539cae0_0, 0, 1;
    %pushi/vec4 0, 0, 1;
    %store/vec4 v0000026c6539c2c0_0, 0, 1;
    %pushi/vec4 0, 0, 1;
    %store/vec4 v0000026c6539b780_0, 0, 1;
    %pushi/vec4 0, 0, 1;
    %store/vec4 v0000026c6539c680_0, 0, 1;
    %pushi/vec4 0, 0, 11;
    %store/vec4 v0000026c6539c220_0, 0, 11;
    %pushi/vec4 0, 0, 11;
    %store/vec4 v0000026c6539b500_0, 0, 11;
    %pushi/vec4 0, 0, 1;
    %store/vec4 v0000026c6539c5e0_0, 0, 1;
    %pushi/vec4 1, 0, 1;
    %store/vec4 v0000026c6539cd60_0, 0, 1;
    %pushi/vec4 0, 0, 1;
    %store/vec4 v0000026c6539b8c0_0, 0, 1;
    %pushi/vec4 0, 0, 16;
    %store/vec4 v0000026c6539c400_0, 0, 16;
    %pushi/vec4 0, 0, 16;
    %store/vec4 v0000026c6539b460_0, 0, 16;
    %pushi/vec4 4, 0, 32;
T_11.0 %dup/vec4;
    %pushi/vec4 0, 0, 32;
    %cmp/s;
    %jmp/1xz T_11.1, 5;
    %jmp/1 T_11.1, 4;
    %pushi/vec4 1, 0, 32;
    %sub;
    %wait E_0000026c65312ae0;
    %jmp T_11.0;
T_11.1 ;
    %pop/vec4 1;
    %pushi/vec4 0, 0, 1;
    %store/vec4 v0000026c6539cf40_0, 0, 1;
    %pushi/vec4 0, 0, 1;
    %store/vec4 v0000026c6539cd60_0, 0, 1;
    %pushi/vec4 1, 0, 1;
    %store/vec4 v0000026c6539c680_0, 0, 1;
    %pushi/vec4 20, 0, 32;
T_11.2 %dup/vec4;
    %pushi/vec4 0, 0, 32;
    %cmp/s;
    %jmp/1xz T_11.3, 5;
    %jmp/1 T_11.3, 4;
    %pushi/vec4 1, 0, 32;
    %sub;
    %wait E_0000026c65312ae0;
    %jmp T_11.2;
T_11.3 ;
    %pop/vec4 1;
    %pushi/vec4 0, 0, 2;
    %store/vec4 v0000026c6539c7c0_0, 0, 2;
    %fork TD_equilibrium_maxxing_top_tb.select_level, S_0000026c652e2ce0;
    %join;
    %pushi/vec4 20, 0, 32;
T_11.4 %dup/vec4;
    %pushi/vec4 0, 0, 32;
    %cmp/s;
    %jmp/1xz T_11.5, 5;
    %jmp/1 T_11.5, 4;
    %pushi/vec4 1, 0, 32;
    %sub;
    %wait E_0000026c65312ae0;
    %jmp T_11.4;
T_11.5 ;
    %pop/vec4 1;
    %pushi/vec4 1, 0, 2;
    %store/vec4 v0000026c6539c7c0_0, 0, 2;
    %fork TD_equilibrium_maxxing_top_tb.select_level, S_0000026c652e2ce0;
    %join;
    %pushi/vec4 20, 0, 32;
T_11.6 %dup/vec4;
    %pushi/vec4 0, 0, 32;
    %cmp/s;
    %jmp/1xz T_11.7, 5;
    %jmp/1 T_11.7, 4;
    %pushi/vec4 1, 0, 32;
    %sub;
    %wait E_0000026c65312ae0;
    %jmp T_11.6;
T_11.7 ;
    %pop/vec4 1;
    %pushi/vec4 2, 0, 2;
    %store/vec4 v0000026c6539c7c0_0, 0, 2;
    %fork TD_equilibrium_maxxing_top_tb.select_level, S_0000026c652e2ce0;
    %join;
    %pushi/vec4 20, 0, 32;
T_11.8 %dup/vec4;
    %pushi/vec4 0, 0, 32;
    %cmp/s;
    %jmp/1xz T_11.9, 5;
    %jmp/1 T_11.9, 4;
    %pushi/vec4 1, 0, 32;
    %sub;
    %wait E_0000026c65312ae0;
    %jmp T_11.8;
T_11.9 ;
    %pop/vec4 1;
    %pushi/vec4 3, 0, 2;
    %store/vec4 v0000026c6539c7c0_0, 0, 2;
    %fork TD_equilibrium_maxxing_top_tb.select_level, S_0000026c652e2ce0;
    %join;
    %pushi/vec4 50, 0, 32;
T_11.10 %dup/vec4;
    %pushi/vec4 0, 0, 32;
    %cmp/s;
    %jmp/1xz T_11.11, 5;
    %jmp/1 T_11.11, 4;
    %pushi/vec4 1, 0, 32;
    %sub;
    %wait E_0000026c65312ae0;
    %jmp T_11.10;
T_11.11 ;
    %pop/vec4 1;
    %vpi_call/w 3 202 "$display", "Testbench finished." {0 0 0};
    %vpi_call/w 3 203 "$finish" {0 0 0};
    %end;
    .thread T_11;
# The file index is used to find the file name in the following table.
:file_names 6;
    "N/A";
    "<interactive>";
    "-";
    "equilibrium_maxxing_top_tb.v";
    "GameComponents/level_register.v";
    "equilibrium_maxxing_uc.v";
